<?xml version="1.0" encoding="UTF-8"?>
<!-- Generated by org.testng.reporters.JUnitXMLReporter -->
<testsuite hostname="Vishalmi-w10" ignored="0" name="Login Test Run" tests="1" failures="0" timestamp="31 Jul 2021 07:31:39 GMT" time="0.036" errors="0">
  <testcase name="@BeforeMethod setUp" time="0.006" classname="com.ltsa.qa.testcases.LoginPageTest">
    <failure type="java.lang.NullPointerException">
      <![CDATA[java.lang.NullPointerException
at com.ltsa.qa.base.Base.browserInitialize(Base.java:34)
at com.ltsa.qa.testcases.LoginPageTest.setUp(LoginPageTest.java:13)
... Removed 28 stack frames]]>
    </failure>
  </testcase> <!-- @BeforeMethod setUp -->
  <testcase name="@AfterMethod tearDown" time="0.0" classname="com.ltsa.qa.testcases.LoginPageTest">
    <skipped/>
  </testcase> <!-- @AfterMethod tearDown -->
  <testcase name="login" time="0.0" classname="com.ltsa.qa.testcases.LoginPageTest">
    <skipped/>
  </testcase> <!-- login -->
</testsuite> <!-- Login Test Run -->
