<?xml version="1.0" encoding="UTF-8"?>
<testng-results skipped="0" failed="0" ignored="0" total="1" passed="1">
  <reporter-output>
  </reporter-output>
  <suite name="Default suite" duration-ms="14738" started-at="2021-07-31T13:24:13Z" finished-at="2021-07-31T13:24:28Z">
    <groups>
    </groups>
    <test name="Default test" duration-ms="14738" started-at="2021-07-31T13:24:13Z" finished-at="2021-07-31T13:24:28Z">
      <class name="com.ltsa.qa.testcases.LoginPageTest">
        <test-method status="PASS" signature="setUp()[pri:0, instance:com.ltsa.qa.testcases.LoginPageTest@66a3ffec]" name="setUp" is-config="true" duration-ms="11535" started-at="2021-07-31T13:24:13Z" finished-at="2021-07-31T13:24:25Z">
          <reporter-output>
          </reporter-output>
        </test-method> <!-- setUp -->
        <test-method status="PASS" signature="login()[pri:0, instance:com.ltsa.qa.testcases.LoginPageTest@66a3ffec]" name="login" duration-ms="2295" started-at="2021-07-31T13:24:25Z" finished-at="2021-07-31T13:24:27Z">
          <reporter-output>
          </reporter-output>
        </test-method> <!-- login -->
        <test-method status="PASS" signature="tearDown()[pri:0, instance:com.ltsa.qa.testcases.LoginPageTest@66a3ffec]" name="tearDown" is-config="true" duration-ms="881" started-at="2021-07-31T13:24:27Z" finished-at="2021-07-31T13:24:28Z">
          <reporter-output>
          </reporter-output>
        </test-method> <!-- tearDown -->
      </class> <!-- com.ltsa.qa.testcases.LoginPageTest -->
    </test> <!-- Default test -->
  </suite> <!-- Default suite -->
</testng-results>
